[0m14:56:53.590141 [debug] [MainThread]: Sending event: {'category': 'dbt', 'action': 'invocation', 'label': 'start', 'context': [<snowplow_tracker.self_describing_json.SelfDescribingJson object at 0x000001D96A297D60>, <snowplow_tracker.self_describing_json.SelfDescribingJson object at 0x000001D96C38E3E0>, <snowplow_tracker.self_describing_json.SelfDescribingJson object at 0x000001D96C38E200>]}


============================== 14:56:53.594140 | 3273bfa4-248a-4dd7-9c13-d21d89e1628e ==============================
[0m14:56:53.594140 [info ] [MainThread]: Running with dbt=1.9.4
[0m14:56:53.595139 [debug] [MainThread]: running dbt with arguments {'printer_width': '80', 'indirect_selection': 'eager', 'write_json': 'True', 'log_cache_events': 'False', 'partial_parse': 'True', 'cache_selected_only': 'False', 'profiles_dir': 'C:\\Users\\youse\\.dbt', 'debug': 'False', 'version_check': 'True', 'log_path': 'logs', 'fail_fast': 'False', 'warn_error': 'None', 'use_colors': 'True', 'use_experimental_parser': 'False', 'no_print': 'None', 'quiet': 'False', 'empty': 'None', 'warn_error_options': 'WarnErrorOptions(include=[], exclude=[])', 'invocation_command': 'dbt init sales_analytics', 'introspect': 'True', 'log_format': 'default', 'target_path': 'None', 'static_parser': 'True', 'send_anonymous_usage_stats': 'True'}
[0m14:56:53.618140 [debug] [MainThread]: Starter project path: C:\Users\youse\AppData\Local\Programs\Python\Python310\lib\site-packages\dbt\include\starter_project
[0m14:56:53.667298 [info ] [MainThread]: 
Your new dbt project "sales_analytics" was created!

For more information on how to configure the profiles.yml file,
please consult the dbt documentation here:

  https://docs.getdbt.com/docs/configure-your-profile

One more thing:

Need help? Don't hesitate to reach out to us via GitHub issues or on Slack:

  https://community.getdbt.com/

Happy modeling!

[0m14:56:53.668299 [info ] [MainThread]: Setting up your profile.
[0m14:58:51.941092 [info ] [MainThread]: Profile sales_analytics written to C:\Users\youse\.dbt\profiles.yml using target's profile_template.yml and your supplied values. Run 'dbt debug' to validate the connection.
[0m14:58:51.943093 [debug] [MainThread]: Command `dbt init` succeeded at 14:58:51.943093 after 118.46 seconds
[0m14:58:51.943093 [debug] [MainThread]: Sending event: {'category': 'dbt', 'action': 'invocation', 'label': 'end', 'context': [<snowplow_tracker.self_describing_json.SelfDescribingJson object at 0x000001D96A297D60>, <snowplow_tracker.self_describing_json.SelfDescribingJson object at 0x000001D96C3E4760>, <snowplow_tracker.self_describing_json.SelfDescribingJson object at 0x000001D96C38E1A0>]}
[0m14:58:51.944091 [debug] [MainThread]: Flushing usage events
[0m14:58:52.803567 [debug] [MainThread]: An error was encountered while trying to flush usage events
